This is pdfTeX, Version 3.141592653-2.6-1.40.27 (TeX Live 2025) (preloaded format=pdflatex 2025.3.8)  16 JAN 2026 11:07
entering extended mode
 restricted \write18 enabled.
 file:line:error style messages enabled.
 %&-line parsing enabled.
**"/Users/aboudonji/OnjiLabs/Programming and Algorithms/conf (1)/sample.tex"
(/Users/aboudonji/OnjiLabs/Programming and Algorithms/conf (1)/sample.tex
LaTeX2e <2024-11-01> patch level 2
L3 programming layer <2025-01-18>
(/usr/local/texlive/2025/texmf-dist/tex/latex/beamer/beamer.cls
Document Class: beamer 2025/02/04 v3.72 A class for typesetting presentations
(/usr/local/texlive/2025/texmf-dist/tex/latex/beamer/beamerbasemodes.sty (/usr/local/texlive/2025/texmf-dist/tex/latex/etoolbox/etoolbox.sty
Package: etoolbox 2025/02/11 v2.5l e-TeX tools for LaTeX (JAW)
\etb@tempcnta=\count196
)
\beamer@tempbox=\box52
\beamer@tempcount=\count197
\c@beamerpauses=\count198
 (/usr/local/texlive/2025/texmf-dist/tex/latex/beamer/beamerbasedecode.sty
\beamer@slideinframe=\count199
\beamer@minimum=\count266
\beamer@decode@box=\box53
)
\beamer@commentbox=\box54
\beamer@modecount=\count267
) (/usr/local/texlive/2025/texmf-dist/tex/generic/iftex/iftex.sty
Package: iftex 2024/12/12 v1.0g TeX engine tests
)
\headdp=\dimen141
\footheight=\dimen142
\sidebarheight=\dimen143
\beamer@tempdim=\dimen144
\beamer@finalheight=\dimen145
\beamer@animht=\dimen146
\beamer@animdp=\dimen147
\beamer@animwd=\dimen148
\beamer@leftmargin=\dimen149
\beamer@rightmargin=\dimen150
\beamer@leftsidebar=\dimen151
\beamer@rightsidebar=\dimen152
\beamer@boxsize=\dimen153
\beamer@vboxoffset=\dimen154
\beamer@descdefault=\dimen155
\beamer@descriptionwidth=\dimen156
\beamer@lastskip=\skip49
\beamer@areabox=\box55
\beamer@animcurrent=\box56
\beamer@animshowbox=\box57
\beamer@sectionbox=\box58
\beamer@logobox=\box59
\beamer@linebox=\box60
\beamer@sectioncount=\count268
\beamer@subsubsectionmax=\count269
\beamer@subsectionmax=\count270
\beamer@sectionmax=\count271
\beamer@totalheads=\count272
\beamer@headcounter=\count273
\beamer@partstartpage=\count274
\beamer@sectionstartpage=\count275
\beamer@subsectionstartpage=\count276
\beamer@animationtempa=\count277
\beamer@animationtempb=\count278
\beamer@xpos=\count279
\beamer@ypos=\count280
\beamer@ypos@offset=\count281
\beamer@showpartnumber=\count282
\beamer@currentsubsection=\count283
\beamer@coveringdepth=\count284
\beamer@sectionadjust=\count285
\beamer@toclastsection=\count286
\beamer@tocsectionnumber=\count287
 (/usr/local/texlive/2025/texmf-dist/tex/latex/beamer/beamerbaseoptions.sty (/usr/local/texlive/2025/texmf-dist/tex/latex/graphics/keyval.sty
Package: keyval 2022/05/29 v1.15 key=value parser (DPC)
\KV@toks@=\toks17
))
\beamer@paperwidth=\skip50
\beamer@paperheight=\skip51
 (/usr/local/texlive/2025/texmf-dist/tex/latex/geometry/geometry.sty
Package: geometry 2020/01/02 v5.9 Page Geometry
 (/usr/local/texlive/2025/texmf-dist/tex/generic/iftex/ifvtex.sty
Package: ifvtex 2019/10/25 v1.7 ifvtex legacy package. Use iftex instead.
)
\Gm@cnth=\count288
\Gm@cntv=\count289
\c@Gm@tempcnt=\count290
\Gm@bindingoffset=\dimen157
\Gm@wd@mp=\dimen158
\Gm@odd@mp=\dimen159
\Gm@even@mp=\dimen160
\Gm@layoutwidth=\dimen161
\Gm@layoutheight=\dimen162
\Gm@layouthoffset=\dimen163
\Gm@layoutvoffset=\dimen164
\Gm@dimlist=\toks18
) (/usr/local/texlive/2025/texmf-dist/tex/latex/pgf/math/pgfmath.sty (/usr/local/texlive/2025/texmf-dist/tex/latex/pgf/utilities/pgfrcs.sty (/usr/local/texlive/2025/texmf-dist/tex/generic/pgf/utilities/pgfutil-common.tex
\pgfutil@everybye=\toks19
\pgfutil@tempdima=\dimen165
\pgfutil@tempdimb=\dimen166
) (/usr/local/texlive/2025/texmf-dist/tex/generic/pgf/utilities/pgfutil-latex.def
\pgfutil@abb=\box61
) (/usr/local/texlive/2025/texmf-dist/tex/generic/pgf/utilities/pgfrcs.code.tex (/usr/local/texlive/2025/texmf-dist/tex/generic/pgf/pgf.revision.tex)
Package: pgfrcs 2023-01-15 v3.1.10 (3.1.10)
)) (/usr/local/texlive/2025/texmf-dist/tex/latex/pgf/utilities/pgfkeys.sty (/usr/local/texlive/2025/texmf-dist/tex/generic/pgf/utilities/pgfkeys.code.tex
\pgfkeys@pathtoks=\toks20
\pgfkeys@temptoks=\toks21
 (/usr/local/texlive/2025/texmf-dist/tex/generic/pgf/utilities/pgfkeyslibraryfiltered.code.tex
\pgfkeys@tmptoks=\toks22
))) (/usr/local/texlive/2025/texmf-dist/tex/generic/pgf/math/pgfmath.code.tex (/usr/local/texlive/2025/texmf-dist/tex/generic/pgf/math/pgfmathutil.code.tex
\pgf@x=\dimen167
\pgf@xa=\dimen168
\pgf@xb=\dimen169
\pgf@xc=\dimen170
\pgf@y=\dimen171
\pgf@ya=\dimen172
\pgf@yb=\dimen173
\pgf@yc=\dimen174
\c@pgf@counta=\count291
\c@pgf@countb=\count292
\c@pgf@countc=\count293
\c@pgf@countd=\count294
) (/usr/local/texlive/2025/texmf-dist/tex/generic/pgf/math/pgfmathparser.code.tex
\pgfmath@dimen=\dimen175
\pgfmath@count=\count295
\pgfmath@box=\box62
\pgfmath@toks=\toks23
\pgfmath@stack@operand=\toks24
\pgfmath@stack@operation=\toks25
) (/usr/local/texlive/2025/texmf-dist/tex/generic/pgf/math/pgfmathfunctions.code.tex) (/usr/local/texlive/2025/texmf-dist/tex/generic/pgf/math/pgfmathfunctions.basic.code.tex) (/usr/local/texlive/2025/texmf-dist/tex/generic/pgf/math/pgfmathfunctions.trigonometric.code.tex) (/usr/local/texlive/2025/texmf-dist/tex/generic/pgf/math/pgfmathfunctions.random.code.tex) (/usr/local/texlive/2025/texmf-dist/tex/generic/pgf/math/pgfmathfunctions.comparison.code.tex) (/usr/local/texlive/2025/texmf-dist/tex/generic/pgf/math/pgfmathfunctions.base.code.tex) (/usr/local/texlive/2025/texmf-dist/tex/generic/pgf/math/pgfmathfunctions.round.code.tex) (/usr/local/texlive/2025/texmf-dist/tex/generic/pgf/math/pgfmathfunctions.misc.code.tex) (/usr/local/texlive/2025/texmf-dist/tex/generic/pgf/math/pgfmathfunctions.integerarithmetics.code.tex) (/usr/local/texlive/2025/texmf-dist/tex/generic/pgf/math/pgfmathcalc.code.tex) (/usr/local/texlive/2025/texmf-dist/tex/generic/pgf/math/pgfmathfloat.code.tex
\c@pgfmathroundto@lastzeros=\count296
))) (/usr/local/texlive/2025/texmf-dist/tex/latex/base/size11.clo
File: size11.clo 2024/06/29 v1.4n Standard LaTeX file (size option)
) (/usr/local/texlive/2025/texmf-dist/tex/latex/pgf/basiclayer/pgfcore.sty (/usr/local/texlive/2025/texmf-dist/tex/latex/graphics/graphicx.sty
Package: graphicx 2021/09/16 v1.2d Enhanced LaTeX Graphics (DPC,SPQR)
 (/usr/local/texlive/2025/texmf-dist/tex/latex/graphics/graphics.sty
Package: graphics 2024/08/06 v1.4g Standard LaTeX Graphics (DPC,SPQR)
 (/usr/local/texlive/2025/texmf-dist/tex/latex/graphics/trig.sty
Package: trig 2023/12/02 v1.11 sin cos tan (DPC)
) (/usr/local/texlive/2025/texmf-dist/tex/latex/graphics-cfg/graphics.cfg
File: graphics.cfg 2016/06/04 v1.11 sample graphics configuration
)
Package graphics Info: Driver file: pdftex.def on input line 106.
 (/usr/local/texlive/2025/texmf-dist/tex/latex/graphics-def/pdftex.def
File: pdftex.def 2024/04/13 v1.2c Graphics/color driver for pdftex
))
\Gin@req@height=\dimen176
\Gin@req@width=\dimen177
) (/usr/local/texlive/2025/texmf-dist/tex/latex/pgf/systemlayer/pgfsys.sty (/usr/local/texlive/2025/texmf-dist/tex/generic/pgf/systemlayer/pgfsys.code.tex
Package: pgfsys 2023-01-15 v3.1.10 (3.1.10)
\pgf@x=\dimen178
\pgf@y=\dimen179
\pgf@xa=\dimen180
\pgf@ya=\dimen181
\pgf@xb=\dimen182
\pgf@yb=\dimen183
\pgf@xc=\dimen184
\pgf@yc=\dimen185
\pgf@xd=\dimen186
\pgf@yd=\dimen187
\w@pgf@writea=\write3
\r@pgf@reada=\read2
\c@pgf@counta=\count297
\c@pgf@countb=\count298
\c@pgf@countc=\count299
\c@pgf@countd=\count300
\t@pgf@toka=\toks26
\t@pgf@tokb=\toks27
\t@pgf@tokc=\toks28
\pgf@sys@id@count=\count301
 (/usr/local/texlive/2025/texmf-dist/tex/generic/pgf/systemlayer/pgf.cfg
File: pgf.cfg 2023-01-15 v3.1.10 (3.1.10)
)
Driver file for pgf: pgfsys-pdftex.def
 (/usr/local/texlive/2025/texmf-dist/tex/generic/pgf/systemlayer/pgfsys-pdftex.def
File: pgfsys-pdftex.def 2023-01-15 v3.1.10 (3.1.10)
 (/usr/local/texlive/2025/texmf-dist/tex/generic/pgf/systemlayer/pgfsys-common-pdf.def
File: pgfsys-common-pdf.def 2023-01-15 v3.1.10 (3.1.10)
))) (/usr/local/texlive/2025/texmf-dist/tex/generic/pgf/systemlayer/pgfsyssoftpath.code.tex
File: pgfsyssoftpath.code.tex 2023-01-15 v3.1.10 (3.1.10)
\pgfsyssoftpath@smallbuffer@items=\count302
\pgfsyssoftpath@bigbuffer@items=\count303
) (/usr/local/texlive/2025/texmf-dist/tex/generic/pgf/systemlayer/pgfsysprotocol.code.tex
File: pgfsysprotocol.code.tex 2023-01-15 v3.1.10 (3.1.10)
)) (/usr/local/texlive/2025/texmf-dist/tex/latex/xcolor/xcolor.sty
Package: xcolor 2024/09/29 v3.02 LaTeX color extensions (UK)
 (/usr/local/texlive/2025/texmf-dist/tex/latex/graphics-cfg/color.cfg
File: color.cfg 2016/01/02 v1.6 sample color configuration
)
Package xcolor Info: Driver file: pdftex.def on input line 274.
 (/usr/local/texlive/2025/texmf-dist/tex/latex/graphics/mathcolor.ltx)
Package xcolor Info: Model `cmy' substituted by `cmy0' on input line 1349.
Package xcolor Info: Model `hsb' substituted by `rgb' on input line 1353.
Package xcolor Info: Model `RGB' extended on input line 1365.
Package xcolor Info: Model `HTML' substituted by `rgb' on input line 1367.
Package xcolor Info: Model `Hsb' substituted by `hsb' on input line 1368.
Package xcolor Info: Model `tHsb' substituted by `hsb' on input line 1369.
Package xcolor Info: Model `HSB' substituted by `hsb' on input line 1370.
Package xcolor Info: Model `Gray' substituted by `gray' on input line 1371.
Package xcolor Info: Model `wave' substituted by `hsb' on input line 1372.
) (/usr/local/texlive/2025/texmf-dist/tex/latex/graphics/dvipsnam.def
File: dvipsnam.def 2016/06/17 v3.0m Driver-dependent file (DPC,SPQR)
) (/usr/local/texlive/2025/texmf-dist/tex/generic/pgf/basiclayer/pgfcore.code.tex
Package: pgfcore 2023-01-15 v3.1.10 (3.1.10)
 (/usr/local/texlive/2025/texmf-dist/tex/generic/pgf/math/pgfint.code.tex) (/usr/local/texlive/2025/texmf-dist/tex/generic/pgf/basiclayer/pgfcorepoints.code.tex
File: pgfcorepoints.code.tex 2023-01-15 v3.1.10 (3.1.10)
\pgf@picminx=\dimen188
\pgf@picmaxx=\dimen189
\pgf@picminy=\dimen190
\pgf@picmaxy=\dimen191
\pgf@pathminx=\dimen192
\pgf@pathmaxx=\dimen193
\pgf@pathminy=\dimen194
\pgf@pathmaxy=\dimen195
\pgf@xx=\dimen196
\pgf@xy=\dimen197
\pgf@yx=\dimen198
\pgf@yy=\dimen199
\pgf@zx=\dimen256
\pgf@zy=\dimen257
) (/usr/local/texlive/2025/texmf-dist/tex/generic/pgf/basiclayer/pgfcorepathconstruct.code.tex
File: pgfcorepathconstruct.code.tex 2023-01-15 v3.1.10 (3.1.10)
\pgf@path@lastx=\dimen258
\pgf@path@lasty=\dimen259
) (/usr/local/texlive/2025/texmf-dist/tex/generic/pgf/basiclayer/pgfcorepathusage.code.tex
File: pgfcorepathusage.code.tex 2023-01-15 v3.1.10 (3.1.10)
\pgf@shorten@end@additional=\dimen260
\pgf@shorten@start@additional=\dimen261
) (/usr/local/texlive/2025/texmf-dist/tex/generic/pgf/basiclayer/pgfcorescopes.code.tex
File: pgfcorescopes.code.tex 2023-01-15 v3.1.10 (3.1.10)
\pgfpic=\box63
\pgf@hbox=\box64
\pgf@layerbox@main=\box65
\pgf@picture@serial@count=\count304
) (/usr/local/texlive/2025/texmf-dist/tex/generic/pgf/basiclayer/pgfcoregraphicstate.code.tex
File: pgfcoregraphicstate.code.tex 2023-01-15 v3.1.10 (3.1.10)
\pgflinewidth=\dimen262
) (/usr/local/texlive/2025/texmf-dist/tex/generic/pgf/basiclayer/pgfcoretransformations.code.tex
File: pgfcoretransformations.code.tex 2023-01-15 v3.1.10 (3.1.10)
\pgf@pt@x=\dimen263
\pgf@pt@y=\dimen264
\pgf@pt@temp=\dimen265
) (/usr/local/texlive/2025/texmf-dist/tex/generic/pgf/basiclayer/pgfcorequick.code.tex
File: pgfcorequick.code.tex 2023-01-15 v3.1.10 (3.1.10)
) (/usr/local/texlive/2025/texmf-dist/tex/generic/pgf/basiclayer/pgfcoreobjects.code.tex
File: pgfcoreobjects.code.tex 2023-01-15 v3.1.10 (3.1.10)
) (/usr/local/texlive/2025/texmf-dist/tex/generic/pgf/basiclayer/pgfcorepathprocessing.code.tex
File: pgfcorepathprocessing.code.tex 2023-01-15 v3.1.10 (3.1.10)
) (/usr/local/texlive/2025/texmf-dist/tex/generic/pgf/basiclayer/pgfcorearrows.code.tex
File: pgfcorearrows.code.tex 2023-01-15 v3.1.10 (3.1.10)
\pgfarrowsep=\dimen266
) (/usr/local/texlive/2025/texmf-dist/tex/generic/pgf/basiclayer/pgfcoreshade.code.tex
File: pgfcoreshade.code.tex 2023-01-15 v3.1.10 (3.1.10)
\pgf@max=\dimen267
\pgf@sys@shading@range@num=\count305
\pgf@shadingcount=\count306
) (/usr/local/texlive/2025/texmf-dist/tex/generic/pgf/basiclayer/pgfcoreimage.code.tex
File: pgfcoreimage.code.tex 2023-01-15 v3.1.10 (3.1.10)
) (/usr/local/texlive/2025/texmf-dist/tex/generic/pgf/basiclayer/pgfcoreexternal.code.tex
File: pgfcoreexternal.code.tex 2023-01-15 v3.1.10 (3.1.10)
\pgfexternal@startupbox=\box66
) (/usr/local/texlive/2025/texmf-dist/tex/generic/pgf/basiclayer/pgfcorelayers.code.tex
File: pgfcorelayers.code.tex 2023-01-15 v3.1.10 (3.1.10)
) (/usr/local/texlive/2025/texmf-dist/tex/generic/pgf/basiclayer/pgfcoretransparency.code.tex
File: pgfcoretransparency.code.tex 2023-01-15 v3.1.10 (3.1.10)
) (/usr/local/texlive/2025/texmf-dist/tex/generic/pgf/basiclayer/pgfcorepatterns.code.tex
File: pgfcorepatterns.code.tex 2023-01-15 v3.1.10 (3.1.10)
) (/usr/local/texlive/2025/texmf-dist/tex/generic/pgf/basiclayer/pgfcorerdf.code.tex
File: pgfcorerdf.code.tex 2023-01-15 v3.1.10 (3.1.10)
))) (/usr/local/texlive/2025/texmf-dist/tex/latex/pgf/utilities/xxcolor.sty
Package: xxcolor 2003/10/24 ver 0.1
\XC@nummixins=\count307
\XC@countmixins=\count308
) (/usr/local/texlive/2025/texmf-dist/tex/latex/base/atbegshi-ltx.sty
Package: atbegshi-ltx 2021/01/10 v1.0c Emulation of the original atbegshi
package with kernel methods
) (/usr/local/texlive/2025/texmf-dist/tex/latex/hyperref/hyperref.sty
Package: hyperref 2024-11-05 v7.01l Hypertext links for LaTeX
 (/usr/local/texlive/2025/texmf-dist/tex/latex/kvsetkeys/kvsetkeys.sty
Package: kvsetkeys 2022-10-05 v1.19 Key value parser (HO)
) (/usr/local/texlive/2025/texmf-dist/tex/generic/kvdefinekeys/kvdefinekeys.sty
Package: kvdefinekeys 2019-12-19 v1.6 Define keys (HO)
) (/usr/local/texlive/2025/texmf-dist/tex/generic/pdfescape/pdfescape.sty
Package: pdfescape 2019/12/09 v1.15 Implements pdfTeX's escape features (HO)
 (/usr/local/texlive/2025/texmf-dist/tex/generic/ltxcmds/ltxcmds.sty
Package: ltxcmds 2023-12-04 v1.26 LaTeX kernel commands for general use (HO)
) (/usr/local/texlive/2025/texmf-dist/tex/generic/pdftexcmds/pdftexcmds.sty
Package: pdftexcmds 2020-06-27 v0.33 Utility functions of pdfTeX for LuaTeX (HO)
 (/usr/local/texlive/2025/texmf-dist/tex/generic/infwarerr/infwarerr.sty
Package: infwarerr 2019/12/03 v1.5 Providing info/warning/error messages (HO)
)
Package pdftexcmds Info: \pdf@primitive is available.
Package pdftexcmds Info: \pdf@ifprimitive is available.
Package pdftexcmds Info: \pdfdraftmode found.
)) (/usr/local/texlive/2025/texmf-dist/tex/latex/hycolor/hycolor.sty
Package: hycolor 2020-01-27 v1.10 Color options for hyperref/bookmark (HO)
) (/usr/local/texlive/2025/texmf-dist/tex/latex/hyperref/nameref.sty
Package: nameref 2023-11-26 v2.56 Cross-referencing by name of section
 (/usr/local/texlive/2025/texmf-dist/tex/latex/refcount/refcount.sty
Package: refcount 2019/12/15 v3.6 Data extraction from label references (HO)
) (/usr/local/texlive/2025/texmf-dist/tex/generic/gettitlestring/gettitlestring.sty
Package: gettitlestring 2019/12/15 v1.6 Cleanup title references (HO)
 (/usr/local/texlive/2025/texmf-dist/tex/latex/kvoptions/kvoptions.sty
Package: kvoptions 2022-06-15 v3.15 Key value format for package options (HO)
))
\c@section@level=\count309
) (/usr/local/texlive/2025/texmf-dist/tex/generic/stringenc/stringenc.sty
Package: stringenc 2019/11/29 v1.12 Convert strings between diff. encodings (HO)
)
\@linkdim=\dimen268
\Hy@linkcounter=\count310
\Hy@pagecounter=\count311
 (/usr/local/texlive/2025/texmf-dist/tex/latex/hyperref/pd1enc.def
File: pd1enc.def 2024-11-05 v7.01l Hyperref: PDFDocEncoding definition (HO)
Now handling font encoding PD1 ...
... no UTF-8 mapping file for font encoding PD1
) (/usr/local/texlive/2025/texmf-dist/tex/generic/intcalc/intcalc.sty
Package: intcalc 2019/12/15 v1.3 Expandable calculations with integers (HO)
)
\Hy@SavedSpaceFactor=\count312
 (/usr/local/texlive/2025/texmf-dist/tex/latex/hyperref/puenc.def
File: puenc.def 2024-11-05 v7.01l Hyperref: PDF Unicode definition (HO)
Now handling font encoding PU ...
... no UTF-8 mapping file for font encoding PU
)
Package hyperref Info: Option `bookmarks' set `true' on input line 4040.
Package hyperref Info: Option `bookmarksopen' set `true' on input line 4040.
Package hyperref Info: Option `implicit' set `false' on input line 4040.
Package hyperref Info: Hyper figures OFF on input line 4157.
Package hyperref Info: Link nesting OFF on input line 4162.
Package hyperref Info: Hyper index ON on input line 4165.
Package hyperref Info: Plain pages OFF on input line 4172.
Package hyperref Info: Backreferencing OFF on input line 4177.
Package hyperref Info: Implicit mode OFF; no redefinition of LaTeX internals.
Package hyperref Info: Bookmarks ON on input line 4424.
\c@Hy@tempcnt=\count313
 (/usr/local/texlive/2025/texmf-dist/tex/latex/url/url.sty
\Urlmuskip=\muskip17
Package: url 2013/09/16  ver 3.4  Verb mode for urls, etc.
)
LaTeX Info: Redefining \url on input line 4763.
\XeTeXLinkMargin=\dimen269
 (/usr/local/texlive/2025/texmf-dist/tex/generic/bitset/bitset.sty
Package: bitset 2019/12/09 v1.3 Handle bit-vector datatype (HO)
 (/usr/local/texlive/2025/texmf-dist/tex/generic/bigintcalc/bigintcalc.sty
Package: bigintcalc 2019/12/15 v1.5 Expandable calculations on big integers (HO)
))
\Fld@menulength=\count314
\Field@Width=\dimen270
\Fld@charsize=\dimen271
Package hyperref Info: Hyper figures OFF on input line 6042.
Package hyperref Info: Link nesting OFF on input line 6047.
Package hyperref Info: Hyper index ON on input line 6050.
Package hyperref Info: backreferencing OFF on input line 6057.
Package hyperref Info: Link coloring OFF on input line 6062.
Package hyperref Info: Link coloring with OCG OFF on input line 6067.
Package hyperref Info: PDF/A mode OFF on input line 6072.
\Hy@abspage=\count315


Package hyperref Message: Stopped early.

)
Package hyperref Info: Driver (autodetected): hpdftex.
 (/usr/local/texlive/2025/texmf-dist/tex/latex/hyperref/hpdftex.def
File: hpdftex.def 2024-11-05 v7.01l Hyperref driver for pdfTeX
 (/usr/local/texlive/2025/texmf-dist/tex/latex/base/atveryend-ltx.sty
Package: atveryend-ltx 2020/08/19 v1.0a Emulation of the original atveryend package
with kernel methods
)
\Fld@listcount=\count316
\c@bookmark@seq@number=\count317
 (/usr/local/texlive/2025/texmf-dist/tex/latex/rerunfilecheck/rerunfilecheck.sty
Package: rerunfilecheck 2022-07-10 v1.10 Rerun checks for auxiliary files (HO)
 (/usr/local/texlive/2025/texmf-dist/tex/generic/uniquecounter/uniquecounter.sty
Package: uniquecounter 2019/12/15 v1.4 Provide unlimited unique counter (HO)
)
Package uniquecounter Info: New unique counter `rerunfilecheck' on input line 285.
)) (/usr/local/texlive/2025/texmf-dist/tex/latex/beamer/beamerbaserequires.sty (/usr/local/texlive/2025/texmf-dist/tex/latex/beamer/beamerbasecompatibility.sty) (/usr/local/texlive/2025/texmf-dist/tex/latex/beamer/beamerbasefont.sty (/usr/local/texlive/2025/texmf-dist/tex/latex/amsfonts/amssymb.sty
Package: amssymb 2013/01/14 v3.01 AMS font symbols
 (/usr/local/texlive/2025/texmf-dist/tex/latex/amsfonts/amsfonts.sty
Package: amsfonts 2013/01/14 v3.01 Basic AMSFonts support
\@emptytoks=\toks29
\symAMSa=\mathgroup4
\symAMSb=\mathgroup5
LaTeX Font Info:    Redeclaring math symbol \hbar on input line 98.
LaTeX Font Info:    Overwriting math alphabet `\mathfrak' in version `bold'
(Font)                  U/euf/m/n --> U/euf/b/n on input line 106.
)) (/usr/local/texlive/2025/texmf-dist/tex/latex/sansmathaccent/sansmathaccent.sty
Package: sansmathaccent 2020/01/31
 (/usr/local/texlive/2025/texmf-dist/tex/latex/koma-script/scrlfile.sty
Package: scrlfile 2024/10/24 v3.43 KOMA-Script package (file load hooks)
 (/usr/local/texlive/2025/texmf-dist/tex/latex/koma-script/scrlfile-hook.sty
Package: scrlfile-hook 2024/10/24 v3.43 KOMA-Script package (using LaTeX hooks)
 (/usr/local/texlive/2025/texmf-dist/tex/latex/koma-script/scrlogo.sty
Package: scrlogo 2024/10/24 v3.43 KOMA-Script package (logo)
))))) (/usr/local/texlive/2025/texmf-dist/tex/latex/beamer/beamerbasetranslator.sty (/usr/local/texlive/2025/texmf-dist/tex/latex/translator/translator.sty
Package: translator 2021-05-31 v1.12d Easy translation of strings in LaTeX
)) (/usr/local/texlive/2025/texmf-dist/tex/latex/beamer/beamerbasemisc.sty) (/usr/local/texlive/2025/texmf-dist/tex/latex/beamer/beamerbasetwoscreens.sty) (/usr/local/texlive/2025/texmf-dist/tex/latex/beamer/beamerbaseoverlay.sty
\beamer@argscount=\count318
\beamer@lastskipcover=\skip52
\beamer@trivlistdepth=\count319
) (/usr/local/texlive/2025/texmf-dist/tex/latex/beamer/beamerbasetitle.sty) (/usr/local/texlive/2025/texmf-dist/tex/latex/beamer/beamerbasesection.sty
\c@lecture=\count320
\c@part=\count321
\c@section=\count322
\c@subsection=\count323
\c@subsubsection=\count324
) (/usr/local/texlive/2025/texmf-dist/tex/latex/beamer/beamerbaseframe.sty
\beamer@framebox=\box67
\beamer@frametitlebox=\box68
\beamer@zoombox=\box69
\beamer@zoomcount=\count325
\beamer@zoomframecount=\count326
\beamer@frametextheight=\dimen272
\c@subsectionslide=\count327
\beamer@frametopskip=\skip53
\beamer@framebottomskip=\skip54
\beamer@frametopskipautobreak=\skip55
\beamer@framebottomskipautobreak=\skip56
\beamer@envbody=\toks30
\framewidth=\dimen273
\c@framenumber=\count328
) (/usr/local/texlive/2025/texmf-dist/tex/latex/beamer/beamerbaseverbatim.sty
\beamer@verbatimfileout=\write4
) (/usr/local/texlive/2025/texmf-dist/tex/latex/beamer/beamerbaseframesize.sty
\beamer@splitbox=\box70
\beamer@autobreakcount=\count329
\beamer@autobreaklastheight=\dimen274
\beamer@frametitletoks=\toks31
\beamer@framesubtitletoks=\toks32
) (/usr/local/texlive/2025/texmf-dist/tex/latex/beamer/beamerbaseframecomponents.sty
\beamer@footins=\box71
) (/usr/local/texlive/2025/texmf-dist/tex/latex/beamer/beamerbasecolor.sty) (/usr/local/texlive/2025/texmf-dist/tex/latex/beamer/beamerbasenotes.sty
\beamer@frameboxcopy=\box72
) (/usr/local/texlive/2025/texmf-dist/tex/latex/beamer/beamerbasetoc.sty) (/usr/local/texlive/2025/texmf-dist/tex/latex/beamer/beamerbasetemplates.sty
\beamer@sbttoks=\toks33
 (/usr/local/texlive/2025/texmf-dist/tex/latex/beamer/beamerbaseauxtemplates.sty (/usr/local/texlive/2025/texmf-dist/tex/latex/beamer/beamerbaseboxes.sty
\bmb@box=\box73
\bmb@colorbox=\box74
\bmb@boxwidth=\dimen275
\bmb@boxheight=\dimen276
\bmb@prevheight=\dimen277
\bmb@temp=\dimen278
\bmb@dima=\dimen279
\bmb@dimb=\dimen280
\bmb@prevheight=\dimen281
)
\beamer@blockheadheight=\dimen282
)) (/usr/local/texlive/2025/texmf-dist/tex/latex/beamer/beamerbaselocalstructure.sty (/usr/local/texlive/2025/texmf-dist/tex/latex/tools/enumerate.sty
Package: enumerate 2023/07/04 v3.00 enumerate extensions (DPC)
\@enLab=\toks34
)
\beamer@bibiconwidth=\skip57
\c@figure=\count330
\c@table=\count331
\abovecaptionskip=\skip58
\belowcaptionskip=\skip59
) (/usr/local/texlive/2025/texmf-dist/tex/latex/beamer/beamerbasenavigation.sty (/usr/local/texlive/2025/texmf-dist/tex/latex/beamer/beamerbasenavigationsymbols.tex)
\beamer@section@min@dim=\dimen283
) (/usr/local/texlive/2025/texmf-dist/tex/latex/beamer/beamerbasetheorems.sty (/usr/local/texlive/2025/texmf-dist/tex/latex/amsmath/amsmath.sty
Package: amsmath 2024/11/05 v2.17t AMS math features
\@mathmargin=\skip60

For additional information on amsmath, use the `?' option.
(/usr/local/texlive/2025/texmf-dist/tex/latex/amsmath/amstext.sty
Package: amstext 2021/08/26 v2.01 AMS text
 (/usr/local/texlive/2025/texmf-dist/tex/latex/amsmath/amsgen.sty
File: amsgen.sty 1999/11/30 v2.0 generic functions
\@emptytoks=\toks35
\ex@=\dimen284
)) (/usr/local/texlive/2025/texmf-dist/tex/latex/amsmath/amsbsy.sty
Package: amsbsy 1999/11/29 v1.2d Bold Symbols
\pmbraise@=\dimen285
) (/usr/local/texlive/2025/texmf-dist/tex/latex/amsmath/amsopn.sty
Package: amsopn 2022/04/08 v2.04 operator names
)
\inf@bad=\count332
LaTeX Info: Redefining \frac on input line 233.
\uproot@=\count333
\leftroot@=\count334
LaTeX Info: Redefining \overline on input line 398.
LaTeX Info: Redefining \colon on input line 409.
\classnum@=\count335
\DOTSCASE@=\count336
LaTeX Info: Redefining \ldots on input line 495.
LaTeX Info: Redefining \dots on input line 498.
LaTeX Info: Redefining \cdots on input line 619.
\Mathstrutbox@=\box75
\strutbox@=\box76
LaTeX Info: Redefining \big on input line 721.
LaTeX Info: Redefining \Big on input line 722.
LaTeX Info: Redefining \bigg on input line 723.
LaTeX Info: Redefining \Bigg on input line 724.
\big@size=\dimen286
LaTeX Font Info:    Redeclaring font encoding OML on input line 742.
LaTeX Font Info:    Redeclaring font encoding OMS on input line 743.
\macc@depth=\count337
LaTeX Info: Redefining \bmod on input line 904.
LaTeX Info: Redefining \pmod on input line 909.
LaTeX Info: Redefining \smash on input line 939.
LaTeX Info: Redefining \relbar on input line 969.
LaTeX Info: Redefining \Relbar on input line 970.
\c@MaxMatrixCols=\count338
\dotsspace@=\muskip18
\c@parentequation=\count339
\dspbrk@lvl=\count340
\tag@help=\toks36
\row@=\count341
\column@=\count342
\maxfields@=\count343
\andhelp@=\toks37
\eqnshift@=\dimen287
\alignsep@=\dimen288
\tagshift@=\dimen289
\tagwidth@=\dimen290
\totwidth@=\dimen291
\lineht@=\dimen292
\@envbody=\toks38
\multlinegap=\skip61
\multlinetaggap=\skip62
\mathdisplay@stack=\toks39
LaTeX Info: Redefining \[ on input line 2953.
LaTeX Info: Redefining \] on input line 2954.
) (/usr/local/texlive/2025/texmf-dist/tex/latex/amscls/amsthm.sty
Package: amsthm 2020/05/29 v2.20.6
\thm@style=\toks40
\thm@bodyfont=\toks41
\thm@headfont=\toks42
\thm@notefont=\toks43
\thm@headpunct=\toks44
\thm@preskip=\skip63
\thm@postskip=\skip64
\thm@headsep=\skip65
\dth@everypar=\toks45
)
\c@theorem=\count344
) (/usr/local/texlive/2025/texmf-dist/tex/latex/beamer/beamerbasethemes.sty)) (/usr/local/texlive/2025/texmf-dist/tex/latex/beamer/beamerthemedefault.sty (/usr/local/texlive/2025/texmf-dist/tex/latex/beamer/beamerfontthemedefault.sty) (/usr/local/texlive/2025/texmf-dist/tex/latex/beamer/beamercolorthemedefault.sty) (/usr/local/texlive/2025/texmf-dist/tex/latex/beamer/beamerinnerthemedefault.sty
\beamer@dima=\dimen293
\beamer@dimb=\dimen294
) (/usr/local/texlive/2025/texmf-dist/tex/latex/beamer/beamerouterthemedefault.sty))) (/usr/local/texlive/2025/texmf-dist/tex/latex/beamer/beamerthemeBerlin.sty (/usr/local/texlive/2025/texmf-dist/tex/latex/beamer/beamerouterthememiniframes.sty) (/usr/local/texlive/2025/texmf-dist/tex/latex/beamer/beamercolorthemewhale.sty) (/usr/local/texlive/2025/texmf-dist/tex/latex/beamer/beamercolorthemeorchid.sty) (/usr/local/texlive/2025/texmf-dist/tex/latex/beamer/beamerinnerthemerectangles.sty)) (/usr/local/texlive/2025/texmf-dist/tex/generic/babel/babel.sty
Package: babel 2025/02/14 v25.4 The multilingual framework for pdfLaTeX, LuaLaTeX and XeLaTeX
\babel@savecnt=\count345
\U@D=\dimen295
\l@unhyphenated=\language90
 (/usr/local/texlive/2025/texmf-dist/tex/generic/babel/txtbabel.def)
\bbl@readstream=\read3
LaTeX Info: Redefining \textlatin on input line 3835.
\bbl@dirlevel=\count346
 (/usr/local/texlive/2025/texmf-dist/tex/generic/babel-spanish/spanish.ldf
Language: spanish.ldf 2021/05/27 v5.0q Spanish support from the babel system
\es@quottoks=\toks46
\es@quotdepth=\count347
Package babel Info: Making " an active character on input line 570.
Package babel Info: Making . an active character on input line 675.
Package babel Info: Making < an active character on input line 722.
Package babel Info: Making > an active character on input line 722.
)) (/usr/local/texlive/2025/texmf-dist/tex/generic/babel/locale/es/babel-spanish.tex
Package babel Info: Importing font and identification data for spanish
(babel)             from babel-es.ini. Reported on input line 11.
) (/usr/local/texlive/2025/texmf-dist/tex/latex/booktabs/booktabs.sty
Package: booktabs 2020/01/12 v1.61803398 Publication quality tables
\heavyrulewidth=\dimen296
\lightrulewidth=\dimen297
\cmidrulewidth=\dimen298
\belowrulesep=\dimen299
\belowbottomsep=\dimen300
\aboverulesep=\dimen301
\abovetopsep=\dimen302
\cmidrulesep=\dimen303
\cmidrulekern=\dimen304
\defaultaddspace=\dimen305
\@cmidla=\count348
\@cmidlb=\count349
\@aboverulesep=\dimen306
\@belowrulesep=\dimen307
\@thisruleclass=\count350
\@lastruleclass=\count351
\@thisrulewidth=\dimen308
) (/usr/local/texlive/2025/texmf-dist/tex/latex/lettrine/lettrine.sty
File: lettrine.sty 2025-01-30 v2.80 (Daniel Flipo)
 (/usr/local/texlive/2025/texmf-dist/tex/latex/l3packages/xfp/xfp.sty (/usr/local/texlive/2025/texmf-dist/tex/latex/l3kernel/expl3.sty
Package: expl3 2025-01-18 L3 programming layer (loader) 
 (/usr/local/texlive/2025/texmf-dist/tex/latex/l3backend/l3backend-pdftex.def
File: l3backend-pdftex.def 2024-05-08 L3 backend support: PDF output (pdfTeX)
\l__color_backend_stack_int=\count352
\l__pdf_internal_box=\box77
))
Package: xfp 2024-08-16 L3 Floating point unit
)
\c@DefaultLines=\count353
\c@DefaultDepth=\count354
\DefaultFindent=\dimen309
\DefaultNindent=\dimen310
\DefaultSlope=\dimen311
\DiscardVskip=\dimen312
\L@lettrine=\box78
\L@lbox=\box79
\L@tbox=\box80
\c@L@lines=\count355
\c@L@depth=\count356
\L@Pindent=\dimen313
\L@Findent=\dimen314
\L@Nindent=\dimen315
\L@lraise=\dimen316
\L@first=\dimen317
\L@next=\dimen318
\L@slope=\dimen319
\L@height=\dimen320
\L@novskip=\dimen321
\L@target@ht=\dimen322
\L@target@dp=\dimen323
\L@target@tht=\dimen324
\LettrineWidth=\dimen325
\LettrineHeight=\dimen326
\LettrineDepth=\dimen327
\L@finalht=\dimen328
\L@finaldp=\dimen329

Loading lettrine.cfg
(/usr/local/texlive/2025/texmf-dist/tex/latex/lettrine/lettrine.cfg)
\Lettrine@tweaks=\toks47
\Llist@everypar=\toks48
) (/usr/local/texlive/2025/texmf-dist/tex/latex/xcolor/svgnam.def
File: svgnam.def 2024/09/29 v3.02 Predefined colors according to SVG 1.1 (UK)
) (/usr/local/texlive/2025/texmf-dist/tex/latex/xcolor/x11nam.def
File: x11nam.def 2024/09/29 v3.02 Predefined colors according to Unix/X11 (UK)
) (/usr/local/texlive/2025/texmf-dist/tex/latex/xurl/xurl.sty
Package: xurl 2022/01/09 v 0.10 modify URL breaks
)
Package hyperref Info: Option `colorlinks' set `true' on input line 22.
 (./sample.aux
LaTeX Info: Redefining \. on input line 11.
LaTeX Info: Redefining \% on input line 11.


LaTeX Warning: Label `fig:ucp_detalle' multiply defined.


LaTeX Warning: Label `fig:web20' multiply defined.


LaTeX Warning: Label `fig:qubit_superposicion_friendly' multiply defined.


LaTeX Warning: Label `fig:qubit_superposicion_friendly' multiply defined.

)
\openout1 = `sample.aux'.

LaTeX Font Info:    Checking defaults for OML/cmm/m/it on input line 56.
LaTeX Font Info:    ... okay on input line 56.
LaTeX Font Info:    Checking defaults for OMS/cmsy/m/n on input line 56.
LaTeX Font Info:    ... okay on input line 56.
LaTeX Font Info:    Checking defaults for OT1/cmr/m/n on input line 56.
LaTeX Font Info:    ... okay on input line 56.
LaTeX Font Info:    Checking defaults for T1/cmr/m/n on input line 56.
LaTeX Font Info:    ... okay on input line 56.
LaTeX Font Info:    Checking defaults for TS1/cmr/m/n on input line 56.
LaTeX Font Info:    ... okay on input line 56.
LaTeX Font Info:    Checking defaults for OMX/cmex/m/n on input line 56.
LaTeX Font Info:    ... okay on input line 56.
LaTeX Font Info:    Checking defaults for U/cmr/m/n on input line 56.
LaTeX Font Info:    ... okay on input line 56.
LaTeX Font Info:    Checking defaults for PD1/pdf/m/n on input line 56.
LaTeX Font Info:    ... okay on input line 56.
LaTeX Font Info:    Checking defaults for PU/pdf/m/n on input line 56.
LaTeX Font Info:    ... okay on input line 56.

*geometry* driver: auto-detecting
*geometry* detected driver: pdftex
*geometry* verbose mode - [ preamble ] result:
* driver: pdftex
* paper: custom
* layout: <same size as paper>
* layoutoffset:(h,v)=(0.0pt,0.0pt)
* modes: includehead includefoot 
* h-part:(L,W,R)=(28.45274pt, 398.3386pt, 28.45274pt)
* v-part:(T,H,B)=(0.0pt, 256.0748pt, 0.0pt)
* \paperwidth=455.24408pt
* \paperheight=256.0748pt
* \textwidth=398.3386pt
* \textheight=227.62207pt
* \oddsidemargin=-43.81725pt
* \evensidemargin=-43.81725pt
* \topmargin=-72.26999pt
* \headheight=14.22636pt
* \headsep=0.0pt
* \topskip=11.0pt
* \footskip=14.22636pt
* \marginparwidth=4.0pt
* \marginparsep=10.0pt
* \columnsep=10.0pt
* \skip\footins=10.0pt plus 4.0pt minus 2.0pt
* \hoffset=0.0pt
* \voffset=0.0pt
* \mag=1000
* \@twocolumnfalse
* \@twosidefalse
* \@mparswitchfalse
* \@reversemarginfalse
* (1in=72.27pt=25.4mm, 1cm=28.453pt)

(/usr/local/texlive/2025/texmf-dist/tex/context/base/mkii/supp-pdf.mkii
[Loading MPS to PDF converter (version 2006.09.02).]
\scratchcounter=\count357
\scratchdimen=\dimen330
\scratchbox=\box81
\nofMPsegments=\count358
\nofMParguments=\count359
\everyMPshowfont=\toks49
\MPscratchCnt=\count360
\MPscratchDim=\dimen331
\MPnumerator=\count361
\makeMPintoPDFobject=\count362
\everyMPtoPDFconversion=\toks50
) (/usr/local/texlive/2025/texmf-dist/tex/latex/epstopdf-pkg/epstopdf-base.sty
Package: epstopdf-base 2020-01-24 v2.11 Base part for package epstopdf
Package epstopdf-base Info: Redefining graphics rule for `.eps' on input line 485.
 (/usr/local/texlive/2025/texmf-dist/tex/latex/latexconfig/epstopdf-sys.cfg
File: epstopdf-sys.cfg 2010/07/13 v1.3 Configuration of (r)epstopdf for TeX Live
))
Package hyperref Info: Link coloring ON on input line 56.
 (./sample.out) (./sample.out)
\@outlinefile=\write5
\openout5 = `sample.out'.

LaTeX Font Info:    Overwriting symbol font `operators' in version `normal'
(Font)                  OT1/cmr/m/n --> OT1/cmss/m/n on input line 56.
LaTeX Font Info:    Overwriting symbol font `operators' in version `bold'
(Font)                  OT1/cmr/bx/n --> OT1/cmss/b/n on input line 56.
\symnumbers=\mathgroup6
\sympureletters=\mathgroup7
LaTeX Font Info:    Overwriting math alphabet `\mathrm' in version `normal'
(Font)                  OT1/cmss/m/n --> OT1/cmr/m/n on input line 56.
LaTeX Font Info:    Redeclaring math alphabet \mathbf on input line 56.
LaTeX Font Info:    Overwriting math alphabet `\mathbf' in version `normal'
(Font)                  OT1/cmr/bx/n --> OT1/cmss/b/n on input line 56.
LaTeX Font Info:    Overwriting math alphabet `\mathbf' in version `bold'
(Font)                  OT1/cmr/bx/n --> OT1/cmss/b/n on input line 56.
LaTeX Font Info:    Redeclaring math alphabet \mathsf on input line 56.
LaTeX Font Info:    Overwriting math alphabet `\mathsf' in version `normal'
(Font)                  OT1/cmss/m/n --> OT1/cmss/m/n on input line 56.
LaTeX Font Info:    Overwriting math alphabet `\mathsf' in version `bold'
(Font)                  OT1/cmss/bx/n --> OT1/cmss/m/n on input line 56.
LaTeX Font Info:    Redeclaring math alphabet \mathit on input line 56.
LaTeX Font Info:    Overwriting math alphabet `\mathit' in version `normal'
(Font)                  OT1/cmr/m/it --> OT1/cmss/m/it on input line 56.
LaTeX Font Info:    Overwriting math alphabet `\mathit' in version `bold'
(Font)                  OT1/cmr/bx/it --> OT1/cmss/m/it on input line 56.
LaTeX Font Info:    Redeclaring math alphabet \mathtt on input line 56.
LaTeX Font Info:    Overwriting math alphabet `\mathtt' in version `normal'
(Font)                  OT1/cmtt/m/n --> OT1/cmtt/m/n on input line 56.
LaTeX Font Info:    Overwriting math alphabet `\mathtt' in version `bold'
(Font)                  OT1/cmtt/m/n --> OT1/cmtt/m/n on input line 56.
LaTeX Font Info:    Overwriting symbol font `numbers' in version `bold'
(Font)                  OT1/cmss/m/n --> OT1/cmss/b/n on input line 56.
LaTeX Font Info:    Overwriting symbol font `pureletters' in version `bold'
(Font)                  OT1/cmss/m/it --> OT1/cmss/b/it on input line 56.
LaTeX Font Info:    Overwriting math alphabet `\mathrm' in version `bold'
(Font)                  OT1/cmss/b/n --> OT1/cmr/b/n on input line 56.
LaTeX Font Info:    Overwriting math alphabet `\mathbf' in version `bold'
(Font)                  OT1/cmss/b/n --> OT1/cmss/b/n on input line 56.
LaTeX Font Info:    Overwriting math alphabet `\mathsf' in version `bold'
(Font)                  OT1/cmss/m/n --> OT1/cmss/b/n on input line 56.
LaTeX Font Info:    Overwriting math alphabet `\mathit' in version `bold'
(Font)                  OT1/cmss/m/it --> OT1/cmss/b/it on input line 56.
LaTeX Font Info:    Overwriting math alphabet `\mathtt' in version `bold'
(Font)                  OT1/cmtt/m/n --> OT1/cmtt/b/n on input line 56.
LaTeX Font Info:    Redeclaring symbol font `pureletters' on input line 56.
LaTeX Font Info:    Overwriting symbol font `pureletters' in version `normal'
(Font)                  OT1/cmss/m/it --> OT1/mathkerncmss/m/sl on input line 56.
LaTeX Font Info:    Overwriting symbol font `pureletters' in version `bold'
(Font)                  OT1/cmss/b/it --> OT1/mathkerncmss/m/sl on input line 56.
LaTeX Font Info:    Overwriting symbol font `pureletters' in version `bold'
(Font)                  OT1/mathkerncmss/m/sl --> OT1/mathkerncmss/bx/sl on input line 56.
 (/usr/local/texlive/2025/texmf-dist/tex/latex/translator/translator-basic-dictionary-English.dict
Dictionary: translator-basic-dictionary, Language: English 
) (/usr/local/texlive/2025/texmf-dist/tex/latex/translator/translator-bibliography-dictionary-English.dict
Dictionary: translator-bibliography-dictionary, Language: English 
) (/usr/local/texlive/2025/texmf-dist/tex/latex/translator/translator-environment-dictionary-English.dict
Dictionary: translator-environment-dictionary, Language: English 
) (/usr/local/texlive/2025/texmf-dist/tex/latex/translator/translator-months-dictionary-English.dict
Dictionary: translator-months-dictionary, Language: English 
) (/usr/local/texlive/2025/texmf-dist/tex/latex/translator/translator-numbers-dictionary-English.dict
Dictionary: translator-numbers-dictionary, Language: English 
) (/usr/local/texlive/2025/texmf-dist/tex/latex/translator/translator-theorem-dictionary-English.dict
Dictionary: translator-theorem-dictionary, Language: English 
)
LaTeX Info: Redefining \. on input line 56.
LaTeX Info: Redefining \% on input line 56.
 (./sample.nav)
Overfull \hbox (165.85736pt too wide) detected at line 56
  [] [][][][][][] [][][][][][][][][][][][][][] [][][][][][][][][] [][][][][][] [][][][][][][][] [][][][][][][][][][][][][][]  
 []


Overfull \hbox (165.85736pt too wide) detected at line 61
  [] [][][][][][] [][][][][][][][][][][][][][] [][][][][][][][][] [][][][][][] [][][][][][][][] [][][][][][][][][][][][][][]  
 []




Overfull \hbox (165.85736pt too wide) has occurred while \output is active
  [] [][][][][][] [][][][][][][][][][][][][][] [][][][][][][][][] [][][][][][] [][][][][][][][] [][][][][][][][][][][][][][]  
 []

[1{/usr/local/texlive/2025/texmf-var/fonts/map/pdftex/updmap/pdftex.map}

]
Overfull \hbox (165.85736pt too wide) detected at line 64
  [] [][][][][][] [][][][][][][][][][][][][][] [][][][][][][][][] [][][][][][] [][][][][][][][] [][][][][][][][][][][][][][]  
 []

(./sample.toc
LaTeX Info: Redefining \. on input line 1.
LaTeX Info: Redefining \% on input line 1.
)
Overfull \vbox (71.69495pt too high) detected at line 64
 []




Overfull \hbox (165.85736pt too wide) has occurred while \output is active
  [] [][][][][][] [][][][][][][][][][][][][][] [][][][][][][][][] [][][][][][] [][][][][][][][] [][][][][][][][][][][][][][]  
 []

[2

]
Overfull \hbox (165.85736pt too wide) detected at line 71
  [] [][][][][][] [][][][][][][][][][][][][][] [][][][][][][][][] [][][][][][] [][][][][][][][] [][][][][][][][][][][][][][]  
 []




Overfull \hbox (165.85736pt too wide) has occurred while \output is active
  [] [][][][][][] [][][][][][][][][][][][][][] [][][][][][][][][] [][][][][][] [][][][][][][][] [][][][][][][][][][][][][][]  
 []

[3

]
Overfull \hbox (165.85736pt too wide) detected at line 93
  [] [][][][][][] [][][][][][][][][][][][][][] [][][][][][][][][] [][][][][][] [][][][][][][][] [][][][][][][][][][][][][][]  
 []

LaTeX Font Info:    Trying to load font information for U+msa on input line 93.
(/usr/local/texlive/2025/texmf-dist/tex/latex/amsfonts/umsa.fd
File: umsa.fd 2013/01/14 v3.01 AMS symbols A
)
LaTeX Font Info:    Trying to load font information for U+msb on input line 93.
 (/usr/local/texlive/2025/texmf-dist/tex/latex/amsfonts/umsb.fd
File: umsb.fd 2013/01/14 v3.01 AMS symbols B
)
LaTeX Font Info:    Trying to load font information for OT1+mathkerncmss on input line 93.
 (/usr/local/texlive/2025/texmf-dist/tex/latex/sansmathaccent/ot1mathkerncmss.fd
File: ot1mathkerncmss.fd 2020/01/31 Fontinst v1.933 font definitions for OT1/mathkerncmss.
)
<Figuras/Cap0/fig0-1.png, id=696, 685.56125pt x 494.84875pt>
File: Figuras/Cap0/fig0-1.png Graphic file (type png)
<use Figuras/Cap0/fig0-1.png>
Package pdftex.def Info: Figuras/Cap0/fig0-1.png  used on input line 93.
(pdftex.def)             Requested size: 179.25114pt x 129.3825pt.

Overfull \vbox (3.1468pt too high) detected at line 93
 []




Overfull \hbox (165.85736pt too wide) has occurred while \output is active
  [] [][][][][][] [][][][][][][][][][][][][][] [][][][][][][][][] [][][][][][] [][][][][][][][] [][][][][][][][][][][][][][]  
 []

[4

 <./Figuras/Cap0/fig0-1.png>]
Overfull \hbox (165.85736pt too wide) detected at line 108
  [] [][][][][][] [][][][][][][][][][][][][][] [][][][][][][][][] [][][][][][] [][][][][][][][] [][][][][][][][][][][][][][]  
 []




Overfull \hbox (165.85736pt too wide) has occurred while \output is active
  [] [][][][][][] [][][][][][][][][][][][][][] [][][][][][][][][] [][][][][][] [][][][][][][][] [][][][][][][][][][][][][][]  
 []

[5

]


Overfull \hbox (165.85736pt too wide) has occurred while \output is active
  [] [][][][][][] [][][][][][][][][][][][][][] [][][][][][][][][] [][][][][][] [][][][][][][][] [][][][][][][][][][][][][][]  
 []

[6

]


Overfull \hbox (165.85736pt too wide) has occurred while \output is active
  [] [][][][][][] [][][][][][][][][][][][][][] [][][][][][][][][] [][][][][][] [][][][][][][][] [][][][][][][][][][][][][][]  
 []

[7

]


Overfull \hbox (165.85736pt too wide) has occurred while \output is active
  [] [][][][][][] [][][][][][][][][][][][][][] [][][][][][][][][] [][][][][][] [][][][][][][][] [][][][][][][][][][][][][][]  
 []

[8

]
Overfull \hbox (165.85736pt too wide) detected at line 133
  [] [][][][][][] [][][][][][][][][][][][][][] [][][][][][][][][] [][][][][][] [][][][][][][][] [][][][][][][][][][][][][][]  
 []


Overfull \vbox (10.53233pt too high) detected at line 133
 []




Overfull \hbox (165.85736pt too wide) has occurred while \output is active
  [] [][][][][][] [][][][][][][][][][][][][][] [][][][][][][][][] [][][][][][] [][][][][][][][] [][][][][][][][][][][][][][]  
 []

[9

]
Overfull \hbox (165.85736pt too wide) detected at line 135
  [] [][][][][][] [][][][][][][][][][][][][][] [][][][][][][][][] [][][][][][] [][][][][][][][] [][][][][][][][][][][][][][]  
 []

(./sample.toc
LaTeX Info: Redefining \. on input line 1.
LaTeX Info: Redefining \% on input line 1.
)
Overfull \vbox (71.69495pt too high) detected at line 135
 []




Overfull \hbox (165.85736pt too wide) has occurred while \output is active
  [] [][][][][][] [][][][][][][][][][][][][][] [][][][][][][][][] [][][][][][] [][][][][][][][] [][][][][][][][][][][][][][]  
 []

[10

]
Overfull \hbox (165.85736pt too wide) detected at line 154
  [] [][][][][][] [][][][][][][][][][][][][][] [][][][][][][][][] [][][][][][] [][][][][][][][] [][][][][][][][][][][][][][]  
 []




Overfull \hbox (165.85736pt too wide) has occurred while \output is active
  [] [][][][][][] [][][][][][][][][][][][][][] [][][][][][][][][] [][][][][][] [][][][][][][][] [][][][][][][][][][][][][][]  
 []

[11

]
Overfull \hbox (165.85736pt too wide) detected at line 164
  [] [][][][][][] [][][][][][][][][][][][][][] [][][][][][][][][] [][][][][][] [][][][][][][][] [][][][][][][][][][][][][][]  
 []

<Figuras/Cap0/fig0-2.png, id=1679, 1034.86626pt x 547.04375pt>
File: Figuras/Cap0/fig0-2.png Graphic file (type png)
<use Figuras/Cap0/fig0-2.png>
Package pdftex.def Info: Figuras/Cap0/fig0-2.png  used on input line 164.
(pdftex.def)             Requested size: 278.83578pt x 147.39493pt.

Overfull \vbox (19.15923pt too high) detected at line 164
 []




Overfull \hbox (165.85736pt too wide) has occurred while \output is active
  [] [][][][][][] [][][][][][][][][][][][][][] [][][][][][][][][] [][][][][][] [][][][][][][][] [][][][][][][][][][][][][][]  
 []

[12

 <./Figuras/Cap0/fig0-2.png>]
Overfull \hbox (165.85736pt too wide) detected at line 178
  [] [][][][][][] [][][][][][][][][][][][][][] [][][][][][][][][] [][][][][][] [][][][][][][][] [][][][][][][][][][][][][][]  
 []




Overfull \hbox (165.85736pt too wide) has occurred while \output is active
  [] [][][][][][] [][][][][][][][][][][][][][] [][][][][][][][][] [][][][][][] [][][][][][][][] [][][][][][][][][][][][][][]  
 []

[13

]
Overfull \hbox (165.85736pt too wide) detected at line 187
  [] [][][][][][] [][][][][][][][][][][][][][] [][][][][][][][][] [][][][][][] [][][][][][][][] [][][][][][][][][][][][][][]  
 []

<Figuras/Cap0/fig0-3.png, id=1964, 652.4375pt x 604.2575pt>
File: Figuras/Cap0/fig0-3.png Graphic file (type png)
<use Figuras/Cap0/fig0-3.png>
Package pdftex.def Info: Figuras/Cap0/fig0-3.png  used on input line 187.
(pdftex.def)             Requested size: 139.42093pt x 129.11989pt.

Overfull \vbox (11.83974pt too high) detected at line 187
 []




Overfull \hbox (165.85736pt too wide) has occurred while \output is active
  [] [][][][][][] [][][][][][][][][][][][][][] [][][][][][][][][] [][][][][][] [][][][][][][][] [][][][][][][][][][][][][][]  
 []

[14

 <./Figuras/Cap0/fig0-3.png>]
Overfull \hbox (165.85736pt too wide) detected at line 196
  [] [][][][][][] [][][][][][][][][][][][][][] [][][][][][][][][] [][][][][][] [][][][][][][][] [][][][][][][][][][][][][][]  
 []

<Figuras/Cap0/motherboard.jpg, id=2107, 633.86812pt x 391.4625pt>
File: Figuras/Cap0/motherboard.jpg Graphic file (type jpg)
<use Figuras/Cap0/motherboard.jpg>
Package pdftex.def Info: Figuras/Cap0/motherboard.jpg  used on input line 196.
(pdftex.def)             Requested size: 278.83578pt x 172.20818pt.

pdfTeX warning (ext4): destination with the same identifier (name{fig:ucp_detalle}) has been already used, duplicate ignored
<to be read again> 
                   \relax 
l.196             \end{frame}
                             
Overfull \vbox (14.42802pt too high) detected at line 196
 []




Overfull \hbox (165.85736pt too wide) has occurred while \output is active
  [] [][][][][][] [][][][][][][][][][][][][][] [][][][][][][][][] [][][][][][] [][][][][][][][] [][][][][][][][][][][][][][]  
 []

[15

 <./Figuras/Cap0/motherboard.jpg>]
Overfull \hbox (165.85736pt too wide) detected at line 227
  [] [][][][][][] [][][][][][][][][][][][][][] [][][][][][][][][] [][][][][][] [][][][][][][][] [][][][][][][][][][][][][][]  
 []


Overfull \vbox (1.75731pt too high) detected at line 227
 []




Overfull \hbox (165.85736pt too wide) has occurred while \output is active
  [] [][][][][][] [][][][][][][][][][][][][][] [][][][][][][][][] [][][][][][] [][][][][][][][] [][][][][][][][][][][][][][]  
 []

[16

]
Overfull \hbox (165.85736pt too wide) detected at line 233
  [] [][][][][][] [][][][][][][][][][][][][][] [][][][][][][][][] [][][][][][] [][][][][][][][] [][][][][][][][][][][][][][]  
 []




Overfull \hbox (165.85736pt too wide) has occurred while \output is active
  [] [][][][][][] [][][][][][][][][][][][][][] [][][][][][][][][] [][][][][][] [][][][][][][][] [][][][][][][][][][][][][][]  
 []

[17

]
Overfull \hbox (165.85736pt too wide) detected at line 265
  [] [][][][][][] [][][][][][][][][][][][][][] [][][][][][][][][] [][][][][][] [][][][][][][][] [][][][][][][][][][][][][][]  
 []




Overfull \hbox (165.85736pt too wide) has occurred while \output is active
  [] [][][][][][] [][][][][][][][][][][][][][] [][][][][][][][][] [][][][][][] [][][][][][][][] [][][][][][][][][][][][][][]  
 []

[18

]
Overfull \hbox (165.85736pt too wide) detected at line 279
  [] [][][][][][] [][][][][][][][][][][][][][] [][][][][][][][][] [][][][][][] [][][][][][][][] [][][][][][][][][][][][][][]  
 []




Overfull \hbox (165.85736pt too wide) has occurred while \output is active
  [] [][][][][][] [][][][][][][][][][][][][][] [][][][][][][][][] [][][][][][] [][][][][][][][] [][][][][][][][][][][][][][]  
 []

[19

]
Overfull \hbox (165.85736pt too wide) detected at line 287
  [] [][][][][][] [][][][][][][][][][][][][][] [][][][][][][][][] [][][][][][] [][][][][][][][] [][][][][][][][][][][][][][]  
 []

<Figuras/Cap0/fig0-5.png, id=2823, 887.315pt x 462.72874pt>
File: Figuras/Cap0/fig0-5.png Graphic file (type png)
<use Figuras/Cap0/fig0-5.png>
Package pdftex.def Info: Figuras/Cap0/fig0-5.png  used on input line 287.
(pdftex.def)             Requested size: 338.59023pt x 176.566pt.

Overfull \vbox (48.33029pt too high) detected at line 287
 []




Overfull \hbox (165.85736pt too wide) has occurred while \output is active
  [] [][][][][][] [][][][][][][][][][][][][][] [][][][][][][][][] [][][][][][] [][][][][][][][] [][][][][][][][][][][][][][]  
 []

[20

 <./Figuras/Cap0/fig0-5.png>]
Overfull \hbox (165.85736pt too wide) detected at line 307
  [] [][][][][][] [][][][][][][][][][][][][][] [][][][][][][][][] [][][][][][] [][][][][][][][] [][][][][][][][][][][][][][]  
 []


Overfull \vbox (28.33224pt too high) detected at line 307
 []




Overfull \hbox (165.85736pt too wide) has occurred while \output is active
  [] [][][][][][] [][][][][][][][][][][][][][] [][][][][][][][][] [][][][][][] [][][][][][][][] [][][][][][][][][][][][][][]  
 []

[21

]
Overfull \hbox (165.85736pt too wide) detected at line 330
  [] [][][][][][] [][][][][][][][][][][][][][] [][][][][][][][][] [][][][][][] [][][][][][][][] [][][][][][][][][][][][][][]  
 []


Overfull \vbox (2.22536pt too high) detected at line 330
 []




Overfull \hbox (165.85736pt too wide) has occurred while \output is active
  [] [][][][][][] [][][][][][][][][][][][][][] [][][][][][][][][] [][][][][][] [][][][][][][][] [][][][][][][][][][][][][][]  
 []

[22

]
Overfull \hbox (165.85736pt too wide) detected at line 333
  [] [][][][][][] [][][][][][][][][][][][][][] [][][][][][][][][] [][][][][][] [][][][][][][][] [][][][][][][][][][][][][][]  
 []

(./sample.toc
LaTeX Info: Redefining \. on input line 1.
LaTeX Info: Redefining \% on input line 1.
)
Overfull \vbox (71.69495pt too high) detected at line 333
 []




Overfull \hbox (165.85736pt too wide) has occurred while \output is active
  [] [][][][][][] [][][][][][][][][][][][][][] [][][][][][][][][] [][][][][][] [][][][][][][][] [][][][][][][][][][][][][][]  
 []

[23

]
Overfull \hbox (165.85736pt too wide) detected at line 340
  [] [][][][][][] [][][][][][][][][][][][][][] [][][][][][][][][] [][][][][][] [][][][][][][][] [][][][][][][][][][][][][][]  
 []




Overfull \hbox (165.85736pt too wide) has occurred while \output is active
  [] [][][][][][] [][][][][][][][][][][][][][] [][][][][][][][][] [][][][][][] [][][][][][][][] [][][][][][][][][][][][][][]  
 []

[24

]
Overfull \hbox (165.85736pt too wide) detected at line 358
  [] [][][][][][] [][][][][][][][][][][][][][] [][][][][][][][][] [][][][][][] [][][][][][][][] [][][][][][][][][][][][][][]  
 []


Overfull \vbox (9.64474pt too high) detected at line 358
 []




Overfull \hbox (165.85736pt too wide) has occurred while \output is active
  [] [][][][][][] [][][][][][][][][][][][][][] [][][][][][][][][] [][][][][][] [][][][][][][][] [][][][][][][][][][][][][][]  
 []

[25

]
Overfull \vbox (9.64474pt too high) detected at line 358
 []




Overfull \hbox (165.85736pt too wide) has occurred while \output is active
  [] [][][][][][] [][][][][][][][][][][][][][] [][][][][][][][][] [][][][][][] [][][][][][][][] [][][][][][][][][][][][][][]  
 []

[26

]
Overfull \hbox (165.85736pt too wide) detected at line 368
  [] [][][][][][] [][][][][][][][][][][][][][] [][][][][][][][][] [][][][][][] [][][][][][][][] [][][][][][][][][][][][][][]  
 []




Overfull \hbox (165.85736pt too wide) has occurred while \output is active
  [] [][][][][][] [][][][][][][][][][][][][][] [][][][][][][][][] [][][][][][] [][][][][][][][] [][][][][][][][][][][][][][]  
 []

[27

]
Overfull \hbox (165.85736pt too wide) detected at line 378
  [] [][][][][][] [][][][][][][][][][][][][][] [][][][][][][][][] [][][][][][] [][][][][][][][] [][][][][][][][][][][][][][]  
 []


LaTeX Font Warning: Font shape `OT1/cmss/bx/it' undefined
(Font)              using `OT1/cmss/bx/n' instead on input line 378.




Overfull \hbox (165.85736pt too wide) has occurred while \output is active
  [] [][][][][][] [][][][][][][][][][][][][][] [][][][][][][][][] [][][][][][] [][][][][][][][] [][][][][][][][][][][][][][]  
 []

[28

]
Overfull \hbox (165.85736pt too wide) detected at line 387
  [] [][][][][][] [][][][][][][][][][][][][][] [][][][][][][][][] [][][][][][] [][][][][][][][] [][][][][][][][][][][][][][]  
 []




Overfull \hbox (165.85736pt too wide) has occurred while \output is active
  [] [][][][][][] [][][][][][][][][][][][][][] [][][][][][][][][] [][][][][][] [][][][][][][][] [][][][][][][][][][][][][][]  
 []

[29

]
Overfull \hbox (165.85736pt too wide) detected at line 396
  [] [][][][][][] [][][][][][][][][][][][][][] [][][][][][][][][] [][][][][][] [][][][][][][][] [][][][][][][][][][][][][][]  
 []

<Figuras/Cap0/fig0-6.png, id=4211, 1065.9825pt x 506.89375pt>
File: Figuras/Cap0/fig0-6.png Graphic file (type png)
<use Figuras/Cap0/fig0-6.png>
Package pdftex.def Info: Figuras/Cap0/fig0-6.png  used on input line 396.
(pdftex.def)             Requested size: 318.67209pt x 151.53561pt.

Overfull \vbox (23.29991pt too high) detected at line 396
 []




Overfull \hbox (165.85736pt too wide) has occurred while \output is active
  [] [][][][][][] [][][][][][][][][][][][][][] [][][][][][][][][] [][][][][][] [][][][][][][][] [][][][][][][][][][][][][][]  
 []

[30

 <./Figuras/Cap0/fig0-6.png>]
Overfull \hbox (165.85736pt too wide) detected at line 412
  [] [][][][][][] [][][][][][][][][][][][][][] [][][][][][][][][] [][][][][][] [][][][][][][][] [][][][][][][][][][][][][][]  
 []




Overfull \hbox (165.85736pt too wide) has occurred while \output is active
  [] [][][][][][] [][][][][][][][][][][][][][] [][][][][][][][][] [][][][][][] [][][][][][][][] [][][][][][][][][][][][][][]  
 []

[31

]
Overfull \hbox (165.85736pt too wide) detected at line 415
  [] [][][][][][] [][][][][][][][][][][][][][] [][][][][][][][][] [][][][][][] [][][][][][][][] [][][][][][][][][][][][][][]  
 []

(./sample.toc
LaTeX Info: Redefining \. on input line 1.
LaTeX Info: Redefining \% on input line 1.
)
Overfull \vbox (71.69495pt too high) detected at line 415
 []




Overfull \hbox (165.85736pt too wide) has occurred while \output is active
  [] [][][][][][] [][][][][][][][][][][][][][] [][][][][][][][][] [][][][][][] [][][][][][][][] [][][][][][][][][][][][][][]  
 []

[32

]
Overfull \hbox (165.85736pt too wide) detected at line 424
  [] [][][][][][] [][][][][][][][][][][][][][] [][][][][][][][][] [][][][][][] [][][][][][][][] [][][][][][][][][][][][][][]  
 []




Overfull \hbox (165.85736pt too wide) has occurred while \output is active
  [] [][][][][][] [][][][][][][][][][][][][][] [][][][][][][][][] [][][][][][] [][][][][][][][] [][][][][][][][][][][][][][]  
 []

[33

]
Overfull \hbox (165.85736pt too wide) detected at line 446
  [] [][][][][][] [][][][][][][][][][][][][][] [][][][][][][][][] [][][][][][] [][][][][][][][] [][][][][][][][][][][][][][]  
 []


Overfull \vbox (11.14067pt too high) detected at line 446
 []




Overfull \hbox (165.85736pt too wide) has occurred while \output is active
  [] [][][][][][] [][][][][][][][][][][][][][] [][][][][][][][][] [][][][][][] [][][][][][][][] [][][][][][][][][][][][][][]  
 []

[34

]
Overfull \hbox (165.85736pt too wide) detected at line 453
  [] [][][][][][] [][][][][][][][][][][][][][] [][][][][][][][][] [][][][][][] [][][][][][][][] [][][][][][][][][][][][][][]  
 []




Overfull \hbox (165.85736pt too wide) has occurred while \output is active
  [] [][][][][][] [][][][][][][][][][][][][][] [][][][][][][][][] [][][][][][] [][][][][][][][] [][][][][][][][][][][][][][]  
 []

[35

]
Overfull \hbox (165.85736pt too wide) detected at line 472
  [] [][][][][][] [][][][][][][][][][][][][][] [][][][][][][][][] [][][][][][] [][][][][][][][] [][][][][][][][][][][][][][]  
 []

<Figuras/Cap0/fig0memoria.jpg, id=5085, 897.3525pt x 897.3525pt>
File: Figuras/Cap0/fig0memoria.jpg Graphic file (type jpg)
<use Figuras/Cap0/fig0memoria.jpg>
Package pdftex.def Info: Figuras/Cap0/fig0memoria.jpg  used on input line 472.
(pdftex.def)             Requested size: 143.39871pt x 143.38763pt.

Overfull \vbox (25.60748pt too high) detected at line 472
 []




Overfull \hbox (165.85736pt too wide) has occurred while \output is active
  [] [][][][][][] [][][][][][][][][][][][][][] [][][][][][][][][] [][][][][][] [][][][][][][][] [][][][][][][][][][][][][][]  
 []

[36

 <./Figuras/Cap0/fig0memoria.jpg>]
File: Figuras/Cap0/fig0memoria.jpg Graphic file (type jpg)
<use Figuras/Cap0/fig0memoria.jpg>
Package pdftex.def Info: Figuras/Cap0/fig0memoria.jpg  used on input line 472.
(pdftex.def)             Requested size: 143.39871pt x 143.38763pt.

Overfull \vbox (25.60748pt too high) detected at line 472
 []




Overfull \hbox (165.85736pt too wide) has occurred while \output is active
  [] [][][][][][] [][][][][][][][][][][][][][] [][][][][][][][][] [][][][][][] [][][][][][][][] [][][][][][][][][][][][][][]  
 []

[37

]
File: Figuras/Cap0/fig0memoria.jpg Graphic file (type jpg)
<use Figuras/Cap0/fig0memoria.jpg>
Package pdftex.def Info: Figuras/Cap0/fig0memoria.jpg  used on input line 472.
(pdftex.def)             Requested size: 143.39871pt x 143.38763pt.

Overfull \vbox (25.60748pt too high) detected at line 472
 []




Overfull \hbox (165.85736pt too wide) has occurred while \output is active
  [] [][][][][][] [][][][][][][][][][][][][][] [][][][][][][][][] [][][][][][] [][][][][][][][] [][][][][][][][][][][][][][]  
 []

[38

]
Overfull \hbox (165.85736pt too wide) detected at line 475
  [] [][][][][][] [][][][][][][][][][][][][][] [][][][][][][][][] [][][][][][] [][][][][][][][] [][][][][][][][][][][][][][]  
 []

(./sample.toc
LaTeX Info: Redefining \. on input line 1.
LaTeX Info: Redefining \% on input line 1.
)
Overfull \vbox (71.69495pt too high) detected at line 475
 []




Overfull \hbox (165.85736pt too wide) has occurred while \output is active
  [] [][][][][][] [][][][][][][][][][][][][][] [][][][][][][][][] [][][][][][] [][][][][][][][] [][][][][][][][][][][][][][]  
 []

[39

]
Overfull \hbox (165.85736pt too wide) detected at line 494
  [] [][][][][][] [][][][][][][][][][][][][][] [][][][][][][][][] [][][][][][] [][][][][][][][] [][][][][][][][][][][][][][]  
 []




Overfull \hbox (165.85736pt too wide) has occurred while \output is active
  [] [][][][][][] [][][][][][][][][][][][][][] [][][][][][][][][] [][][][][][] [][][][][][][][] [][][][][][][][][][][][][][]  
 []

[40

]
Overfull \hbox (165.85736pt too wide) detected at line 512
  [] [][][][][][] [][][][][][][][][][][][][][] [][][][][][][][][] [][][][][][] [][][][][][][][] [][][][][][][][][][][][][][]  
 []




Overfull \hbox (165.85736pt too wide) has occurred while \output is active
  [] [][][][][][] [][][][][][][][][][][][][][] [][][][][][][][][] [][][][][][] [][][][][][][][] [][][][][][][][][][][][][][]  
 []

[41

]
Overfull \hbox (165.85736pt too wide) detected at line 521
  [] [][][][][][] [][][][][][][][][][][][][][] [][][][][][][][][] [][][][][][] [][][][][][][][] [][][][][][][][][][][][][][]  
 []

<Figuras/Cap0/fig0-10.png, id=5839, 791.95876pt x 349.305pt>
File: Figuras/Cap0/fig0-10.png Graphic file (type png)
<use Figuras/Cap0/fig0-10.png>
Package pdftex.def Info: Figuras/Cap0/fig0-10.png  used on input line 521.
(pdftex.def)             Requested size: 318.67209pt x 140.55632pt.

Overfull \vbox (12.87617pt too high) detected at line 521
 []




Overfull \hbox (165.85736pt too wide) has occurred while \output is active
  [] [][][][][][] [][][][][][][][][][][][][][] [][][][][][][][][] [][][][][][] [][][][][][][][] [][][][][][][][][][][][][][]  
 []

[42

 <./Figuras/Cap0/fig0-10.png>]
Overfull \hbox (165.85736pt too wide) detected at line 535
  [] [][][][][][] [][][][][][][][][][][][][][] [][][][][][][][][] [][][][][][] [][][][][][][][] [][][][][][][][][][][][][][]  
 []




Overfull \hbox (165.85736pt too wide) has occurred while \output is active
  [] [][][][][][] [][][][][][][][][][][][][][] [][][][][][][][][] [][][][][][] [][][][][][][][] [][][][][][][][][][][][][][]  
 []

[43

]
Overfull \hbox (165.85736pt too wide) detected at line 558
  [] [][][][][][] [][][][][][][][][][][][][][] [][][][][][][][][] [][][][][][] [][][][][][][][] [][][][][][][][][][][][][][]  
 []




Overfull \hbox (165.85736pt too wide) has occurred while \output is active
  [] [][][][][][] [][][][][][][][][][][][][][] [][][][][][][][][] [][][][][][] [][][][][][][][] [][][][][][][][][][][][][][]  
 []

[44

]
Overfull \hbox (165.85736pt too wide) detected at line 567
  [] [][][][][][] [][][][][][][][][][][][][][] [][][][][][][][][] [][][][][][] [][][][][][][][] [][][][][][][][][][][][][][]  
 []

<Figuras/Cap0/fig0_webs.jpg, id=6270, 517.935pt x 330.63525pt>
File: Figuras/Cap0/fig0_webs.jpg Graphic file (type jpg)
<use Figuras/Cap0/fig0_webs.jpg>
Package pdftex.def Info: Figuras/Cap0/fig0_webs.jpg  used on input line 567.
(pdftex.def)             Requested size: 278.83578pt x 178.0056pt.

Overfull \vbox (49.7699pt too high) detected at line 567
 []




Overfull \hbox (165.85736pt too wide) has occurred while \output is active
  [] [][][][][][] [][][][][][][][][][][][][][] [][][][][][][][][] [][][][][][] [][][][][][][][] [][][][][][][][][][][][][][]  
 []

[45

 <./Figuras/Cap0/fig0_webs.jpg>]
Overfull \hbox (165.85736pt too wide) detected at line 570
  [] [][][][][][] [][][][][][][][][][][][][][] [][][][][][][][][] [][][][][][] [][][][][][][][] [][][][][][][][][][][][][][]  
 []

(./sample.toc
LaTeX Info: Redefining \. on input line 1.
LaTeX Info: Redefining \% on input line 1.
)
Overfull \vbox (71.69495pt too high) detected at line 570
 []




Overfull \hbox (165.85736pt too wide) has occurred while \output is active
  [] [][][][][][] [][][][][][][][][][][][][][] [][][][][][][][][] [][][][][][] [][][][][][][][] [][][][][][][][][][][][][][]  
 []

[46

]
Overfull \hbox (165.85736pt too wide) detected at line 577
  [] [][][][][][] [][][][][][][][][][][][][][] [][][][][][][][][] [][][][][][] [][][][][][][][] [][][][][][][][][][][][][][]  
 []




Overfull \hbox (165.85736pt too wide) has occurred while \output is active
  [] [][][][][][] [][][][][][][][][][][][][][] [][][][][][][][][] [][][][][][] [][][][][][][][] [][][][][][][][][][][][][][]  
 []

[47

]
Overfull \hbox (165.85736pt too wide) detected at line 598
  [] [][][][][][] [][][][][][][][][][][][][][] [][][][][][][][][] [][][][][][] [][][][][][][][] [][][][][][][][][][][][][][]  
 []




Overfull \hbox (165.85736pt too wide) has occurred while \output is active
  [] [][][][][][] [][][][][][][][][][][][][][] [][][][][][][][][] [][][][][][] [][][][][][][][] [][][][][][][][][][][][][][]  
 []

[48

]


Overfull \hbox (165.85736pt too wide) has occurred while \output is active
  [] [][][][][][] [][][][][][][][][][][][][][] [][][][][][][][][] [][][][][][] [][][][][][][][] [][][][][][][][][][][][][][]  
 []

[49

]
Overfull \hbox (165.85736pt too wide) detected at line 614
  [] [][][][][][] [][][][][][][][][][][][][][] [][][][][][][][][] [][][][][][] [][][][][][][][] [][][][][][][][][][][][][][]  
 []


Overfull \vbox (9.64474pt too high) detected at line 614
 []




Overfull \hbox (165.85736pt too wide) has occurred while \output is active
  [] [][][][][][] [][][][][][][][][][][][][][] [][][][][][][][][] [][][][][][] [][][][][][][][] [][][][][][][][][][][][][][]  
 []

[50

]
Overfull \hbox (165.85736pt too wide) detected at line 623
  [] [][][][][][] [][][][][][][][][][][][][][] [][][][][][][][][] [][][][][][] [][][][][][][][] [][][][][][][][][][][][][][]  
 []

<Figuras/Cap0/TuringBombeBletchleyPark.jpg, id=7086, 159.89737pt x 111.11513pt>
File: Figuras/Cap0/TuringBombeBletchleyPark.jpg Graphic file (type jpg)
<use Figuras/Cap0/TuringBombeBletchleyPark.jpg>
Package pdftex.def Info: Figuras/Cap0/TuringBombeBletchleyPark.jpg  used on input line 623.
(pdftex.def)             Requested size: 258.91765pt x 179.94954pt.

pdfTeX warning (ext4): destination with the same identifier (name{fig:web20}) has been already used, duplicate ignored
<to be read again> 
                   \relax 
l.623 \end{frame}
                 
Overfull \vbox (51.71384pt too high) detected at line 623
 []




Overfull \hbox (165.85736pt too wide) has occurred while \output is active
  [] [][][][][][] [][][][][][][][][][][][][][] [][][][][][][][][] [][][][][][] [][][][][][][][] [][][][][][][][][][][][][][]  
 []

[51

 <./Figuras/Cap0/TuringBombeBletchleyPark.jpg>]
Overfull \hbox (165.85736pt too wide) detected at line 648
  [] [][][][][][] [][][][][][][][][][][][][][] [][][][][][][][][] [][][][][][] [][][][][][][][] [][][][][][][][][][][][][][]  
 []


Overfull \vbox (8.40317pt too high) detected at line 648
 []




Overfull \hbox (165.85736pt too wide) has occurred while \output is active
  [] [][][][][][] [][][][][][][][][][][][][][] [][][][][][][][][] [][][][][][] [][][][][][][][] [][][][][][][][][][][][][][]  
 []

[52

]
Overfull \hbox (165.85736pt too wide) detected at line 658
  [] [][][][][][] [][][][][][][][][][][][][][] [][][][][][][][][] [][][][][][] [][][][][][][][] [][][][][][][][][][][][][][]  
 []




Overfull \hbox (165.85736pt too wide) has occurred while \output is active
  [] [][][][][][] [][][][][][][][][][][][][][] [][][][][][][][][] [][][][][][] [][][][][][][][] [][][][][][][][][][][][][][]  
 []

[53

]


Overfull \hbox (165.85736pt too wide) has occurred while \output is active
  [] [][][][][][] [][][][][][][][][][][][][][] [][][][][][][][][] [][][][][][] [][][][][][][][] [][][][][][][][][][][][][][]  
 []

[54

]


Overfull \hbox (165.85736pt too wide) has occurred while \output is active
  [] [][][][][][] [][][][][][][][][][][][][][] [][][][][][][][][] [][][][][][] [][][][][][][][] [][][][][][][][][][][][][][]  
 []

[55

]


Overfull \hbox (165.85736pt too wide) has occurred while \output is active
  [] [][][][][][] [][][][][][][][][][][][][][] [][][][][][][][][] [][][][][][] [][][][][][][][] [][][][][][][][][][][][][][]  
 []

[56

]
Overfull \hbox (165.85736pt too wide) detected at line 669
  [] [][][][][][] [][][][][][][][][][][][][][] [][][][][][][][][] [][][][][][] [][][][][][][][] [][][][][][][][][][][][][][]  
 []




Overfull \hbox (165.85736pt too wide) has occurred while \output is active
  [] [][][][][][] [][][][][][][][][][][][][][] [][][][][][][][][] [][][][][][] [][][][][][][][] [][][][][][][][][][][][][][]  
 []

[57

]
Overfull \hbox (165.85736pt too wide) detected at line 686
  [] [][][][][][] [][][][][][][][][][][][][][] [][][][][][][][][] [][][][][][] [][][][][][][][] [][][][][][][][][][][][][][]  
 []




Overfull \hbox (165.85736pt too wide) has occurred while \output is active
  [] [][][][][][] [][][][][][][][][][][][][][] [][][][][][][][][] [][][][][][] [][][][][][][][] [][][][][][][][][][][][][][]  
 []

[58

]
Overfull \hbox (165.85736pt too wide) detected at line 695
  [] [][][][][][] [][][][][][][][][][][][][][] [][][][][][][][][] [][][][][][] [][][][][][][][] [][][][][][][][][][][][][][]  
 []

<Figuras/Cap0/cb_vs_qbit.png, id=8058, 639.38875pt x 358.33875pt>
File: Figuras/Cap0/cb_vs_qbit.png Graphic file (type png)
<use Figuras/Cap0/cb_vs_qbit.png>
Package pdftex.def Info: Figuras/Cap0/cb_vs_qbit.png  used on input line 695.
(pdftex.def)             Requested size: 278.83578pt x 156.26978pt.

Overfull \vbox (38.43407pt too high) detected at line 695
 []




Overfull \hbox (165.85736pt too wide) has occurred while \output is active
  [] [][][][][][] [][][][][][][][][][][][][][] [][][][][][][][][] [][][][][][] [][][][][][][][] [][][][][][][][][][][][][][]  
 []

[59

 <./Figuras/Cap0/cb_vs_qbit.png>]
Overfull \hbox (165.85736pt too wide) detected at line 704
  [] [][][][][][] [][][][][][][][][][][][][][] [][][][][][][][][] [][][][][][] [][][][][][][][] [][][][][][][][][][][][][][]  
 []

<Figuras/Cap0/qubit-superposition.jpg, id=8203, 1224.575pt x 577.15625pt>
File: Figuras/Cap0/qubit-superposition.jpg Graphic file (type jpg)
<use Figuras/Cap0/qubit-superposition.jpg>
Package pdftex.def Info: Figuras/Cap0/qubit-superposition.jpg  used on input line 704.
(pdftex.def)             Requested size: 358.50229pt x 168.96503pt.

pdfTeX warning (ext4): destination with the same identifier (name{fig:qubit_superposicion_friendly}) has been already used, duplicate ignored
<to be read again> 
                   \relax 
l.704 \end{frame}
                 
Overfull \vbox (40.72932pt too high) detected at line 704
 []




Overfull \hbox (165.85736pt too wide) has occurred while \output is active
  [] [][][][][][] [][][][][][][][][][][][][][] [][][][][][][][][] [][][][][][] [][][][][][][][] [][][][][][][][][][][][][][]  
 []

[60

 <./Figuras/Cap0/qubit-superposition.jpg>]
Overfull \hbox (165.85736pt too wide) detected at line 713
  [] [][][][][][] [][][][][][][][][][][][][][] [][][][][][][][][] [][][][][][] [][][][][][][][] [][][][][][][][][][][][][][]  
 []

<Figuras/Cap0/52751908_606.jpg, id=8347, 1573.88pt x 885.3075pt>
File: Figuras/Cap0/52751908_606.jpg Graphic file (type jpg)
<use Figuras/Cap0/52751908_606.jpg>
Package pdftex.def Info: Figuras/Cap0/52751908_606.jpg  used on input line 713.
(pdftex.def)             Requested size: 278.83578pt x 156.83585pt.

pdfTeX warning (ext4): destination with the same identifier (name{fig:qubit_superposicion_friendly}) has been already used, duplicate ignored
<to be read again> 
                   \relax 
l.713 \end{frame}
                 
Overfull \vbox (28.60014pt too high) detected at line 713
 []




Overfull \hbox (165.85736pt too wide) has occurred while \output is active
  [] [][][][][][] [][][][][][][][][][][][][][] [][][][][][][][][] [][][][][][] [][][][][][][][] [][][][][][][][][][][][][][]  
 []

[61

 <./Figuras/Cap0/52751908_606.jpg>]
Overfull \hbox (165.85736pt too wide) detected at line 736
  [] [][][][][][] [][][][][][][][][][][][][][] [][][][][][][][][] [][][][][][] [][][][][][][][] [][][][][][][][][][][][][][]  
 []


Overfull \vbox (10.53233pt too high) detected at line 736
 []




Overfull \hbox (165.85736pt too wide) has occurred while \output is active
  [] [][][][][][] [][][][][][][][][][][][][][] [][][][][][][][][] [][][][][][] [][][][][][][][] [][][][][][][][][][][][][][]  
 []

[62

]
\tf@nav=\write6
\openout6 = `sample.nav'.

\tf@toc=\write7
\openout7 = `sample.toc'.

\tf@snm=\write8
\openout8 = `sample.snm'.

 (./sample.aux
LaTeX Info: Redefining \. on input line 11.
LaTeX Info: Redefining \% on input line 11.
)
 ***********
LaTeX2e <2024-11-01> patch level 2
L3 programming layer <2025-01-18>
 ***********


LaTeX Font Warning: Some font shapes were not available, defaults substituted.


LaTeX Warning: There were multiply-defined labels.

Package rerunfilecheck Info: File `sample.out' has not changed.
(rerunfilecheck)             Checksum: F3AA499FA9C409176B9A9242249893C1;3576.
 ) 
Here is how much of TeX's memory you used:
 24597 strings out of 473190
 475803 string characters out of 5715801
 937891 words of memory out of 5000000
 47189 multiletter control sequences out of 15000+600000
 567367 words of font info for 66 fonts, out of 8000000 for 9000
 1141 hyphenation exceptions out of 8191
 128i,19n,123p,462b,906s stack positions out of 10000i,1000n,20000p,200000b,200000s
</usr/local/texlive/2025/texmf-dist/fonts/type1/public/amsfonts/cm/cmss10.pfb></usr/local/texlive/2025/texmf-dist/fonts/type1/public/amsfonts/cm/cmss12.pfb></usr/local/texlive/2025/texmf-dist/fonts/type1/public/amsfonts/cm/cmss8.pfb></usr/local/texlive/2025/texmf-dist/fonts/type1/public/amsfonts/cm/cmss9.pfb></usr/local/texlive/2025/texmf-dist/fonts/type1/public/amsfonts/cm/cmssbx10.pfb></usr/local/texlive/2025/texmf-dist/fonts/type1/public/amsfonts/cm/cmssi10.pfb></usr/local/texlive/2025/texmf-dist/fonts/type1/public/amsfonts/cm/cmssi8.pfb></usr/local/texlive/2025/texmf-dist/fonts/type1/public/amsfonts/cm/cmsy10.pfb></usr/local/texlive/2025/texmf-dist/fonts/type1/public/amsfonts/cm/cmsy8.pfb></usr/local/texlive/2025/texmf-dist/fonts/type1/public/amsfonts/cm/cmtt10.pfb>
Output written on sample.pdf (62 pages, 1466018 bytes).
PDF statistics:
 8655 PDF objects out of 8907 (max. 8388607)
 5393 compressed objects within 54 object streams
 152 named destinations out of 1000 (max. 500000)
 244 words of extra memory for PDF output out of 10000 (max. 10000000)

